2024-10-24T20:47:44.807Z [info] [sessionId: 9b1a19c3-8a21-406a-a532-4d5b38e8dfbc] Starting ticket purchase process {"sessionId":"9b1a19c3-8a21-406a-a532-4d5b38e8dfbc","ticketTypeRequests":[]}
2024-10-24T20:53:30.760Z [info] [sessionId: 189123e8-bb39-4f8b-b7b4-4f1dd8c81072] Starting ticket purchase process {"sessionId":"189123e8-bb39-4f8b-b7b4-4f1dd8c81072","ticketTypeRequests":[]}
2024-10-24T20:53:30.763Z [error] [sessionId: 189123e8-bb39-4f8b-b7b4-4f1dd8c81072] Invalid account ID {"error":"Invalid account ID"}
2024-10-24T20:53:30.763Z [error] [sessionId: 189123e8-bb39-4f8b-b7b4-4f1dd8c81072] Ticket purchase failed {"error":"Invalid account ID"}
2024-10-24T20:55:48.559Z [info] [sessionId: 3642a594-1718-431f-a5ba-d990dc0db79c] Starting ticket purchase process {"sessionId":"3642a594-1718-431f-a5ba-d990dc0db79c","ticketTypeRequests":[]}
2024-10-24T20:55:48.561Z [error] [sessionId: 3642a594-1718-431f-a5ba-d990dc0db79c] Invalid account ID {"error":"Invalid account ID"}
2024-10-24T20:55:48.561Z [error] [sessionId: 3642a594-1718-431f-a5ba-d990dc0db79c] Ticket purchase failed {"error":"Invalid account ID"}
2024-10-24T21:20:35.921Z [info] [sessionId: ee1a937a-0557-4263-8c0a-db40c1ac3f92] Starting ticket purchase process {"sessionId":"ee1a937a-0557-4263-8c0a-db40c1ac3f92","ticketTypeRequests":[]}
2024-10-24T21:20:35.923Z [error] [sessionId: ee1a937a-0557-4263-8c0a-db40c1ac3f92] ACCOUNT_ID_ERROR {"error":"Invalid account ID"}
2024-10-24T21:20:35.925Z [error] [sessionId: ee1a937a-0557-4263-8c0a-db40c1ac3f92] PURCHASE_TICKETS_ERROR {"error":"Invalid account ID"}
2024-10-24T21:21:16.295Z [info] [sessionId: a9e2abfd-2eec-4f0e-8a3b-e7a3980cb55f] Starting ticket purchase process {"sessionId":"a9e2abfd-2eec-4f0e-8a3b-e7a3980cb55f","ticketTypeRequests":[]}
2024-10-24T21:21:16.298Z [error] [sessionId: a9e2abfd-2eec-4f0e-8a3b-e7a3980cb55f] ACCOUNT_ID_ERROR {"error":"Invalid account ID"}
2024-10-24T21:21:16.298Z [error] [sessionId: a9e2abfd-2eec-4f0e-8a3b-e7a3980cb55f] PURCHASE_TICKETS_ERROR {"error":"Invalid account ID"}
2024-10-24T21:29:52.328Z [info] [sessionId: d1ed6dc4-c105-4afc-aaf4-acc4d665e232] Starting ticket purchase process {"sessionId":"d1ed6dc4-c105-4afc-aaf4-acc4d665e232","ticketTypeRequests":[]}
2024-10-24T21:29:52.331Z [error] [sessionId: d1ed6dc4-c105-4afc-aaf4-acc4d665e232] ACCOUNT_ID_ERROR {"error":"Invalid account ID"}
2024-10-24T21:29:52.331Z [error] [sessionId: d1ed6dc4-c105-4afc-aaf4-acc4d665e232] PURCHASE_TICKETS_ERROR {"error":"Invalid account ID"}
2024-10-24T21:35:55.665Z [info] [sessionId: 77e6400a-71cb-4758-a284-0e0fcc49387f] Starting ticket purchase process {"sessionId":"77e6400a-71cb-4758-a284-0e0fcc49387f","ticketTypeRequests":[]}
2024-10-24T21:35:55.672Z [error] [sessionId: 77e6400a-71cb-4758-a284-0e0fcc49387f] ACCOUNT_ID_ERROR {"error":"Invalid account ID"}
2024-10-24T21:35:55.672Z [error] [sessionId: 77e6400a-71cb-4758-a284-0e0fcc49387f] PURCHASE_TICKETS_ERROR {"error":"Invalid account ID"}
2024-10-24T21:38:50.024Z [info] [sessionId: cec90e13-2f68-4d83-ba93-437b8f37e597] Starting ticket purchase process {"sessionId":"cec90e13-2f68-4d83-ba93-437b8f37e597","ticketTypeRequests":[]}
2024-10-24T21:38:50.030Z [error] [sessionId: cec90e13-2f68-4d83-ba93-437b8f37e597] ACCOUNT_ID_ERROR {"error":"Invalid account ID"}
2024-10-24T21:38:50.031Z [error] [sessionId: cec90e13-2f68-4d83-ba93-437b8f37e597] PURCHASE_TICKETS_ERROR {"error":"Invalid account ID"}
2024-10-24T21:39:23.844Z [info] [sessionId: d8bd41a3-2035-4419-8a39-e52b3bd4f12d] Starting ticket purchase process {"sessionId":"d8bd41a3-2035-4419-8a39-e52b3bd4f12d","ticketTypeRequests":[]}
2024-10-24T21:39:23.848Z [error] [sessionId: d8bd41a3-2035-4419-8a39-e52b3bd4f12d] ACCOUNT_ID_ERROR {"error":"Invalid account ID"}
2024-10-24T21:39:23.848Z [error] [sessionId: d8bd41a3-2035-4419-8a39-e52b3bd4f12d] PURCHASE_TICKETS_ERROR {"error":"Invalid account ID"}
2024-10-24T21:40:44.491Z [info] [sessionId: 2aafa878-e78a-49bd-921e-9573f93a5dfc] Starting ticket purchase process {"sessionId":"2aafa878-e78a-49bd-921e-9573f93a5dfc","ticketTypeRequests":[]}
2024-10-24T21:40:44.495Z [error] [sessionId: 2aafa878-e78a-49bd-921e-9573f93a5dfc] ACCOUNT_ID_ERROR {"error":"Invalid account ID"}
2024-10-24T21:40:44.496Z [error] [sessionId: 2aafa878-e78a-49bd-921e-9573f93a5dfc] PURCHASE_TICKETS_ERROR {"error":"Invalid account ID"}
2024-10-24T21:41:17.858Z [info] [sessionId: 04634904-1892-4937-87b5-443d94880d76] Starting ticket purchase process {"sessionId":"04634904-1892-4937-87b5-443d94880d76","ticketTypeRequests":[]}
2024-10-24T21:41:17.864Z [error] [sessionId: 04634904-1892-4937-87b5-443d94880d76] ACCOUNT_ID_ERROR {"error":"Invalid account ID"}
2024-10-24T21:41:17.864Z [error] [sessionId: 04634904-1892-4937-87b5-443d94880d76] PURCHASE_TICKETS_ERROR {"error":"Invalid account ID"}
2024-10-24T21:45:18.921Z [info] [sessionId: 61f8b31c-d70b-46c9-a181-5b49055340a3] Starting ticket purchase process {"sessionId":"61f8b31c-d70b-46c9-a181-5b49055340a3","ticketTypeRequests":[]}
2024-10-24T21:45:18.925Z [error] [sessionId: 61f8b31c-d70b-46c9-a181-5b49055340a3] ACCOUNT_ID_ERROR {"error":"Invalid account ID"}
2024-10-24T21:45:18.925Z [error] [sessionId: 61f8b31c-d70b-46c9-a181-5b49055340a3] PURCHASE_TICKETS_ERROR {"error":"Invalid account ID"}
2024-10-24T21:47:37.045Z [info] [sessionId: 02bd2113-07cf-49c0-b0f6-c64338fe06c4] Starting ticket purchase process {"sessionId":"02bd2113-07cf-49c0-b0f6-c64338fe06c4","ticketTypeRequests":[]}
2024-10-24T21:47:37.051Z [error] [sessionId: 02bd2113-07cf-49c0-b0f6-c64338fe06c4] ACCOUNT_ID_ERROR {"error":"Invalid account ID"}
2024-10-24T21:47:37.052Z [error] [sessionId: 02bd2113-07cf-49c0-b0f6-c64338fe06c4] PURCHASE_TICKETS_ERROR {"error":"Invalid account ID"}
2024-10-24T21:49:39.593Z [info] [sessionId: 9b07172f-d541-407b-8ff2-92731cd53b38] Starting ticket purchase process {"sessionId":"9b07172f-d541-407b-8ff2-92731cd53b38","ticketTypeRequests":[]}
2024-10-24T21:49:39.598Z [error] [sessionId: 9b07172f-d541-407b-8ff2-92731cd53b38] ACCOUNT_ID_ERROR {"error":"Invalid account ID"}
2024-10-24T21:49:39.599Z [error] [sessionId: 9b07172f-d541-407b-8ff2-92731cd53b38] PURCHASE_TICKETS_ERROR {"error":"Invalid account ID"}
2024-10-24T21:49:39.603Z [info] [sessionId: 13f17d4a-cab9-4bb8-b382-274bddb19934] Starting ticket purchase process {"sessionId":"13f17d4a-cab9-4bb8-b382-274bddb19934","ticketTypeRequests":[{"type":"invalid"}]}
2024-10-24T21:49:39.604Z [error] [sessionId: 13f17d4a-cab9-4bb8-b382-274bddb19934] PURCHASE_TICKETS_ERROR {"error":"ticketTypeRequestsValidation is not defined"}
2024-10-24T21:55:09.983Z [info] [sessionId: 2838748e-5fed-4f2c-9f33-f0c2aeaf505f] Starting ticket purchase process {"sessionId":"2838748e-5fed-4f2c-9f33-f0c2aeaf505f","ticketTypeRequests":[]}
2024-10-24T21:55:09.986Z [error] [sessionId: 2838748e-5fed-4f2c-9f33-f0c2aeaf505f] ACCOUNT_ID_ERROR {"error":"Invalid account ID"}
2024-10-24T21:55:09.986Z [error] [sessionId: 2838748e-5fed-4f2c-9f33-f0c2aeaf505f] PURCHASE_TICKETS_ERROR {"error":"Invalid account ID"}
2024-10-24T21:55:09.990Z [info] [sessionId: 34dee341-ab7d-45f6-87f6-da25005f28f5] Starting ticket purchase process {"sessionId":"34dee341-ab7d-45f6-87f6-da25005f28f5","ticketTypeRequests":[{"type":"invalid"}]}
2024-10-24T21:55:09.991Z [error] [sessionId: 34dee341-ab7d-45f6-87f6-da25005f28f5] TICKET_TYPE_REQUEST_ERROR {"error":"Invalid ticket type requests"}
2024-10-24T21:55:09.991Z [error] [sessionId: 34dee341-ab7d-45f6-87f6-da25005f28f5] PURCHASE_TICKETS_ERROR {"error":"Invalid ticket type requests"}
2024-10-24T21:55:59.618Z [info] [sessionId: 951c070a-3ec2-4296-bc4a-329bb3a6a71e] Starting ticket purchase process {"sessionId":"951c070a-3ec2-4296-bc4a-329bb3a6a71e","ticketTypeRequests":[]}
2024-10-24T21:55:59.620Z [error] [sessionId: 951c070a-3ec2-4296-bc4a-329bb3a6a71e] ACCOUNT_ID_ERROR: {"error":"Invalid account ID"}
2024-10-24T21:55:59.621Z [error] [sessionId: 951c070a-3ec2-4296-bc4a-329bb3a6a71e] PURCHASE_TICKETS_ERROR: {"error":"Invalid account ID"}
2024-10-24T21:55:59.625Z [info] [sessionId: 4ea9ea05-382d-4b65-af71-991808fa89b5] Starting ticket purchase process {"sessionId":"4ea9ea05-382d-4b65-af71-991808fa89b5","ticketTypeRequests":[{"type":"invalid"}]}
2024-10-24T21:55:59.625Z [error] [sessionId: 4ea9ea05-382d-4b65-af71-991808fa89b5] TICKET_TYPE_REQUEST_ERROR: {"error":"Invalid ticket type requests"}
2024-10-24T21:55:59.626Z [error] [sessionId: 4ea9ea05-382d-4b65-af71-991808fa89b5] PURCHASE_TICKETS_ERROR: {"error":"Invalid ticket type requests"}
2024-10-24T21:56:22.705Z [info] [sessionId: f52330d2-1110-496e-b90d-1b6c553814f2] Starting ticket purchase process {"sessionId":"f52330d2-1110-496e-b90d-1b6c553814f2","ticketTypeRequests":[]}
2024-10-24T21:56:22.708Z [error] [sessionId: f52330d2-1110-496e-b90d-1b6c553814f2] ACCOUNT_ID_ERROR: {"error":"Invalid account ID"}
2024-10-24T21:56:22.708Z [error] [sessionId: f52330d2-1110-496e-b90d-1b6c553814f2] PURCHASE_TICKETS_ERROR: {}
2024-10-24T21:56:22.712Z [info] [sessionId: 5a5978eb-fcc8-4c9f-8a3a-f555b24235aa] Starting ticket purchase process {"sessionId":"5a5978eb-fcc8-4c9f-8a3a-f555b24235aa","ticketTypeRequests":[{"type":"invalid"}]}
2024-10-24T21:56:22.713Z [error] [sessionId: 5a5978eb-fcc8-4c9f-8a3a-f555b24235aa] TICKET_TYPE_REQUEST_ERROR: {"error":"Invalid ticket type requests"}
2024-10-24T21:56:22.713Z [error] [sessionId: 5a5978eb-fcc8-4c9f-8a3a-f555b24235aa] PURCHASE_TICKETS_ERROR: {}
2024-10-24T21:57:31.563Z [info] [sessionId: 2a197260-cd7b-4dfb-b156-5ff91b76bc73] Starting ticket purchase process {"sessionId":"2a197260-cd7b-4dfb-b156-5ff91b76bc73","ticketTypeRequests":[]}
2024-10-24T21:57:31.566Z [error] [sessionId: 2a197260-cd7b-4dfb-b156-5ff91b76bc73] ACCOUNT_ID_ERROR: {"error":"Invalid account ID"}
2024-10-24T21:57:31.566Z [error] [sessionId: 2a197260-cd7b-4dfb-b156-5ff91b76bc73] PURCHASE_TICKETS_ERROR: {}
2024-10-24T21:57:31.570Z [info] [sessionId: f51c15b7-bd26-4f7b-aed5-502528b451b9] Starting ticket purchase process {"sessionId":"f51c15b7-bd26-4f7b-aed5-502528b451b9","ticketTypeRequests":[{"type":"invalid"}]}
2024-10-24T21:57:31.570Z [error] [sessionId: f51c15b7-bd26-4f7b-aed5-502528b451b9] TICKET_TYPE_REQUEST_ERROR: {}
2024-10-24T21:57:31.571Z [error] [sessionId: f51c15b7-bd26-4f7b-aed5-502528b451b9] PURCHASE_TICKETS_ERROR: {}
2024-10-24T21:59:23.322Z [info] [sessionId: 7b5f521e-9c79-4076-9932-781a60da7a7c] Starting ticket purchase process {"sessionId":"7b5f521e-9c79-4076-9932-781a60da7a7c","ticketTypeRequests":[]}
2024-10-24T21:59:23.325Z [error] [sessionId: 7b5f521e-9c79-4076-9932-781a60da7a7c] ACCOUNT_ID_ERROR: {"error":"Invalid account ID"}
2024-10-24T21:59:23.325Z [error] [sessionId: 7b5f521e-9c79-4076-9932-781a60da7a7c] PURCHASE_TICKETS_ERROR: {"error":"Invalid account ID"}
2024-10-24T21:59:23.329Z [info] [sessionId: befdefb3-34ee-4cd7-88b1-95f9746a8970] Starting ticket purchase process {"sessionId":"befdefb3-34ee-4cd7-88b1-95f9746a8970","ticketTypeRequests":[{"type":"invalid"}]}
2024-10-24T21:59:23.329Z [error] [sessionId: befdefb3-34ee-4cd7-88b1-95f9746a8970] TICKET_TYPE_REQUEST_ERROR: {"error":"Invalid ticket type requests"}
2024-10-24T21:59:23.330Z [error] [sessionId: befdefb3-34ee-4cd7-88b1-95f9746a8970] PURCHASE_TICKETS_ERROR: {"error":"Invalid ticket type requests"}
2024-10-24T22:03:53.525Z [info] [sessionId: 767574b4-a51b-4a40-bc95-c074b80bbd23] Starting ticket purchase process {"sessionId":"767574b4-a51b-4a40-bc95-c074b80bbd23","ticketTypeRequests":[]}
2024-10-24T22:03:53.528Z [error] [sessionId: 767574b4-a51b-4a40-bc95-c074b80bbd23] ACCOUNT_ID_ERROR: {"error":"Invalid account ID"}
2024-10-24T22:03:53.528Z [error] [sessionId: 767574b4-a51b-4a40-bc95-c074b80bbd23] PURCHASE_TICKETS_ERROR: {"error":"Invalid account ID"}
2024-10-24T22:03:53.534Z [info] [sessionId: 8c3fd1db-d4d8-4e43-8ab7-034180b682f4] Starting ticket purchase process {"sessionId":"8c3fd1db-d4d8-4e43-8ab7-034180b682f4","ticketTypeRequests":[{"type":"invalid"}]}
2024-10-24T22:03:53.535Z [error] [sessionId: 8c3fd1db-d4d8-4e43-8ab7-034180b682f4] TICKET_TYPE_REQUEST_ERROR: {"error":"Invalid ticket type requests"}
2024-10-24T22:03:53.535Z [error] [sessionId: 8c3fd1db-d4d8-4e43-8ab7-034180b682f4] PURCHASE_TICKETS_ERROR: {"error":"Invalid ticket type requests"}
2024-10-24T22:05:14.241Z [info] [sessionId: 11924480-20e9-469f-8baf-790a2165cf4a] Starting ticket purchase process {"sessionId":"11924480-20e9-469f-8baf-790a2165cf4a","ticketTypeRequests":[]}
2024-10-24T22:05:14.247Z [error] [sessionId: 11924480-20e9-469f-8baf-790a2165cf4a] ACCOUNT_ID_ERROR: {"error":"Invalid account ID"}
2024-10-24T22:05:14.247Z [error] [sessionId: 11924480-20e9-469f-8baf-790a2165cf4a] PURCHASE_TICKETS_ERROR: {"error":"Invalid account ID"}
2024-10-24T22:05:14.252Z [info] [sessionId: 8aec095a-7945-4ba9-b995-d5b126f043b6] Starting ticket purchase process {"sessionId":"8aec095a-7945-4ba9-b995-d5b126f043b6","ticketTypeRequests":[{"type":"invalid"}]}
2024-10-24T22:05:14.252Z [error] [sessionId: 8aec095a-7945-4ba9-b995-d5b126f043b6] TICKET_TYPE_REQUEST_ERROR: {"error":"Invalid ticket type requests"}
2024-10-24T22:05:14.252Z [error] [sessionId: 8aec095a-7945-4ba9-b995-d5b126f043b6] PURCHASE_TICKETS_ERROR: {"error":"Invalid ticket type requests"}
